/data/khw/unlearn_kd_class/scripts/unlearn_kd.py:36: FutureWarning: You are using `torch.load` with `weights_only=False` (the current default value), which uses the default pickle module implicitly. It is possible to construct malicious pickle data which will execute arbitrary code during unpickling (See https://github.com/pytorch/pytorch/blob/main/SECURITY.md#untrusted-models for more details). In a future release, the default value for `weights_only` will be flipped to `True`. This limits the functions that could be executed during unpickling. Arbitrary objects will no longer be allowed to be loaded via this mode unless they are explicitly allowlisted by the user via `torch.serialization.add_safe_globals`. We recommend you start setting `weights_only=True` for any use case where you don't have full control of the loaded file. Please open an issue on GitHub for any issues related to this experimental feature.
  good_t.load_state_dict(torch.load(args.good_ckpt, map_location="cpu"))
[Seed fixed to 42]
Using random init for student model
Files already downloaded and verified
Files already downloaded and verified
teacher: resnet34, student: resnet18
Epoch 001: retain_test_acc=0.16%, retain_test_best_acc=0.16%, forget_acc_test=0.00%, retain_acc=0.14%, forget_acc=0.00%, mia_rate=0.50%
teacher: resnet34, student: resnet18
Epoch 002: retain_test_acc=0.22%, retain_test_best_acc=0.22%, forget_acc_test=0.00%, retain_acc=0.21%, forget_acc=0.00%, mia_rate=0.50%
teacher: resnet34, student: resnet18
Epoch 003: retain_test_acc=0.37%, retain_test_best_acc=0.37%, forget_acc_test=0.00%, retain_acc=0.34%, forget_acc=0.00%, mia_rate=0.50%
teacher: resnet34, student: resnet18
Epoch 004: retain_test_acc=0.35%, retain_test_best_acc=0.37%, forget_acc_test=0.00%, retain_acc=0.34%, forget_acc=0.00%, mia_rate=0.52%
teacher: resnet34, student: resnet18
Epoch 005: retain_test_acc=0.46%, retain_test_best_acc=0.46%, forget_acc_test=0.00%, retain_acc=0.48%, forget_acc=0.00%, mia_rate=0.52%
teacher: resnet34, student: resnet18
Epoch 006: retain_test_acc=0.68%, retain_test_best_acc=0.68%, forget_acc_test=0.00%, retain_acc=0.69%, forget_acc=0.00%, mia_rate=0.51%
teacher: resnet34, student: resnet18
Epoch 007: retain_test_acc=0.70%, retain_test_best_acc=0.70%, forget_acc_test=0.06%, retain_acc=0.72%, forget_acc=0.04%, mia_rate=0.51%
teacher: resnet34, student: resnet18
Epoch 008: retain_test_acc=0.70%, retain_test_best_acc=0.70%, forget_acc_test=0.04%, retain_acc=0.72%, forget_acc=0.03%, mia_rate=0.51%
teacher: resnet34, student: resnet18
Epoch 009: retain_test_acc=0.75%, retain_test_best_acc=0.75%, forget_acc_test=0.07%, retain_acc=0.75%, forget_acc=0.05%, mia_rate=0.53%
teacher: resnet34, student: resnet18
Epoch 010: retain_test_acc=0.78%, retain_test_best_acc=0.78%, forget_acc_test=0.09%, retain_acc=0.80%, forget_acc=0.08%, mia_rate=0.52%
teacher: resnet34, student: resnet18
Epoch 011: retain_test_acc=0.77%, retain_test_best_acc=0.78%, forget_acc_test=0.07%, retain_acc=0.78%, forget_acc=0.04%, mia_rate=0.51%
teacher: resnet34, student: resnet18
Epoch 012: retain_test_acc=0.78%, retain_test_best_acc=0.78%, forget_acc_test=0.02%, retain_acc=0.79%, forget_acc=0.01%, mia_rate=0.52%
teacher: resnet34, student: resnet18
Epoch 013: retain_test_acc=0.80%, retain_test_best_acc=0.80%, forget_acc_test=0.07%, retain_acc=0.81%, forget_acc=0.05%, mia_rate=0.52%
teacher: resnet34, student: resnet18
Epoch 014: retain_test_acc=0.81%, retain_test_best_acc=0.81%, forget_acc_test=0.06%, retain_acc=0.82%, forget_acc=0.04%, mia_rate=0.52%
teacher: resnet34, student: resnet18
Epoch 015: retain_test_acc=0.82%, retain_test_best_acc=0.82%, forget_acc_test=0.10%, retain_acc=0.84%, forget_acc=0.08%, mia_rate=0.53%
teacher: resnet34, student: resnet18
Epoch 016: retain_test_acc=0.82%, retain_test_best_acc=0.82%, forget_acc_test=0.11%, retain_acc=0.82%, forget_acc=0.08%, mia_rate=0.52%
teacher: resnet34, student: resnet18
Epoch 017: retain_test_acc=0.81%, retain_test_best_acc=0.82%, forget_acc_test=0.07%, retain_acc=0.82%, forget_acc=0.05%, mia_rate=0.52%
teacher: resnet34, student: resnet18
Epoch 018: retain_test_acc=0.81%, retain_test_best_acc=0.82%, forget_acc_test=0.13%, retain_acc=0.82%, forget_acc=0.10%, mia_rate=0.52%
teacher: resnet34, student: resnet18
Epoch 019: retain_test_acc=0.83%, retain_test_best_acc=0.83%, forget_acc_test=0.08%, retain_acc=0.83%, forget_acc=0.08%, mia_rate=0.53%
teacher: resnet34, student: resnet18
Epoch 020: retain_test_acc=0.82%, retain_test_best_acc=0.83%, forget_acc_test=0.06%, retain_acc=0.82%, forget_acc=0.03%, mia_rate=0.53%
teacher: resnet34, student: resnet18
Epoch 021: retain_test_acc=0.84%, retain_test_best_acc=0.84%, forget_acc_test=0.11%, retain_acc=0.85%, forget_acc=0.09%, mia_rate=0.52%
teacher: resnet34, student: resnet18
Epoch 022: retain_test_acc=0.85%, retain_test_best_acc=0.85%, forget_acc_test=0.08%, retain_acc=0.86%, forget_acc=0.06%, mia_rate=0.52%
teacher: resnet34, student: resnet18
Epoch 023: retain_test_acc=0.83%, retain_test_best_acc=0.85%, forget_acc_test=0.10%, retain_acc=0.84%, forget_acc=0.08%, mia_rate=0.53%
teacher: resnet34, student: resnet18
Epoch 024: retain_test_acc=0.83%, retain_test_best_acc=0.85%, forget_acc_test=0.13%, retain_acc=0.84%, forget_acc=0.08%, mia_rate=0.53%
teacher: resnet34, student: resnet18
Epoch 025: retain_test_acc=0.83%, retain_test_best_acc=0.85%, forget_acc_test=0.06%, retain_acc=0.83%, forget_acc=0.04%, mia_rate=0.53%
teacher: resnet34, student: resnet18
Epoch 026: retain_test_acc=0.72%, retain_test_best_acc=0.85%, forget_acc_test=0.05%, retain_acc=0.73%, forget_acc=0.03%, mia_rate=0.51%
teacher: resnet34, student: resnet18
Epoch 027: retain_test_acc=0.78%, retain_test_best_acc=0.85%, forget_acc_test=0.05%, retain_acc=0.78%, forget_acc=0.02%, mia_rate=0.52%
teacher: resnet34, student: resnet18
Epoch 028: retain_test_acc=0.80%, retain_test_best_acc=0.85%, forget_acc_test=0.07%, retain_acc=0.81%, forget_acc=0.06%, mia_rate=0.52%
teacher: resnet34, student: resnet18
Epoch 029: retain_test_acc=0.83%, retain_test_best_acc=0.85%, forget_acc_test=0.05%, retain_acc=0.84%, forget_acc=0.04%, mia_rate=0.50%
teacher: resnet34, student: resnet18
Epoch 030: retain_test_acc=0.83%, retain_test_best_acc=0.85%, forget_acc_test=0.07%, retain_acc=0.84%, forget_acc=0.05%, mia_rate=0.52%
teacher: resnet34, student: resnet18
Epoch 031: retain_test_acc=0.75%, retain_test_best_acc=0.85%, forget_acc_test=0.01%, retain_acc=0.75%, forget_acc=0.01%, mia_rate=0.52%
teacher: resnet34, student: resnet18
Epoch 032: retain_test_acc=0.84%, retain_test_best_acc=0.85%, forget_acc_test=0.11%, retain_acc=0.84%, forget_acc=0.07%, mia_rate=0.52%
teacher: resnet34, student: resnet18
Epoch 033: retain_test_acc=0.84%, retain_test_best_acc=0.85%, forget_acc_test=0.08%, retain_acc=0.85%, forget_acc=0.04%, mia_rate=0.52%
teacher: resnet34, student: resnet18
Epoch 034: retain_test_acc=0.82%, retain_test_best_acc=0.85%, forget_acc_test=0.09%, retain_acc=0.82%, forget_acc=0.05%, mia_rate=0.52%
teacher: resnet34, student: resnet18
Epoch 035: retain_test_acc=0.82%, retain_test_best_acc=0.85%, forget_acc_test=0.03%, retain_acc=0.83%, forget_acc=0.02%, mia_rate=0.51%
teacher: resnet34, student: resnet18
Epoch 036: retain_test_acc=0.85%, retain_test_best_acc=0.85%, forget_acc_test=0.09%, retain_acc=0.86%, forget_acc=0.05%, mia_rate=0.52%
teacher: resnet34, student: resnet18
Epoch 037: retain_test_acc=0.83%, retain_test_best_acc=0.85%, forget_acc_test=0.05%, retain_acc=0.84%, forget_acc=0.02%, mia_rate=0.52%
teacher: resnet34, student: resnet18
Epoch 038: retain_test_acc=0.86%, retain_test_best_acc=0.86%, forget_acc_test=0.11%, retain_acc=0.87%, forget_acc=0.08%, mia_rate=0.53%
teacher: resnet34, student: resnet18
Epoch 039: retain_test_acc=0.81%, retain_test_best_acc=0.86%, forget_acc_test=0.11%, retain_acc=0.81%, forget_acc=0.08%, mia_rate=0.52%
teacher: resnet34, student: resnet18
Epoch 040: retain_test_acc=0.66%, retain_test_best_acc=0.86%, forget_acc_test=0.00%, retain_acc=0.69%, forget_acc=0.00%, mia_rate=0.50%
teacher: resnet34, student: resnet18
Epoch 041: retain_test_acc=0.77%, retain_test_best_acc=0.86%, forget_acc_test=0.04%, retain_acc=0.77%, forget_acc=0.02%, mia_rate=0.51%
teacher: resnet34, student: resnet18
Epoch 042: retain_test_acc=0.79%, retain_test_best_acc=0.86%, forget_acc_test=0.04%, retain_acc=0.80%, forget_acc=0.02%, mia_rate=0.52%
teacher: resnet34, student: resnet18
Epoch 043: retain_test_acc=0.83%, retain_test_best_acc=0.86%, forget_acc_test=0.10%, retain_acc=0.84%, forget_acc=0.07%, mia_rate=0.51%
teacher: resnet34, student: resnet18
Epoch 044: retain_test_acc=0.83%, retain_test_best_acc=0.86%, forget_acc_test=0.13%, retain_acc=0.84%, forget_acc=0.11%, mia_rate=0.52%
teacher: resnet34, student: resnet18
Epoch 045: retain_test_acc=0.83%, retain_test_best_acc=0.86%, forget_acc_test=0.11%, retain_acc=0.84%, forget_acc=0.09%, mia_rate=0.51%
teacher: resnet34, student: resnet18
Epoch 046: retain_test_acc=0.81%, retain_test_best_acc=0.86%, forget_acc_test=0.08%, retain_acc=0.82%, forget_acc=0.05%, mia_rate=0.52%
teacher: resnet34, student: resnet18
Epoch 047: retain_test_acc=0.84%, retain_test_best_acc=0.86%, forget_acc_test=0.10%, retain_acc=0.85%, forget_acc=0.08%, mia_rate=0.52%
teacher: resnet34, student: resnet18
Epoch 048: retain_test_acc=0.84%, retain_test_best_acc=0.86%, forget_acc_test=0.12%, retain_acc=0.85%, forget_acc=0.11%, mia_rate=0.52%
teacher: resnet34, student: resnet18
Epoch 049: retain_test_acc=0.83%, retain_test_best_acc=0.86%, forget_acc_test=0.09%, retain_acc=0.84%, forget_acc=0.07%, mia_rate=0.52%
Traceback (most recent call last):
  File "<frozen runpy>", line 198, in _run_module_as_main
  File "<frozen runpy>", line 88, in _run_code
  File "/data/khw/unlearn_kd_class/scripts/unlearn_kd.py", line 90, in <module>
    main()
  File "/data/khw/unlearn_kd_class/scripts/unlearn_kd.py", line 70, in main
    stats = dic_unlearn_distill["stats"]
            ~~~~~~~~~~~~~~~~~~~^^^^^^^^^
KeyError: 'stats'
teacher: resnet34, student: resnet18
Epoch 050: retain_test_acc=0.85%, retain_test_best_acc=0.86%, forget_acc_test=0.14%, retain_acc=0.86%, forget_acc=0.12%, mia_rate=0.52%
