/root/anaconda3/envs/khw/lib/python3.9/site-packages/torchvision/models/_utils.py:208: UserWarning: The parameter 'pretrained' is deprecated since 0.13 and may be removed in the future, please use 'weights' instead.
  warnings.warn(
/root/anaconda3/envs/khw/lib/python3.9/site-packages/torchvision/models/_utils.py:223: UserWarning: Arguments other than a weight enum or `None` for 'weights' are deprecated since 0.13 and may be removed in the future. The current behavior is equivalent to passing `weights=None`.
  warnings.warn(msg)
Files already downloaded and verified
Files already downloaded and verified

=== Accuracy (Retrain baseline, 1회) ===
[Test:Retrain/Retain_train] Acc 99.84%
[Test:Retrain/Forget_train] Acc 81.16%
[Test:Retrain/Retain_test] Acc 80.03%
[Test:Retrain/Forget_test] Acc 77.90%

=== Good Teacher baseline (1회) ===
[Test:Good/Full_test] Acc 78.42%

========================================================================================
 Grid Search: (tau_g × tau_b × epochs × CE_on) — 언러닝 성능 점검 
========================================================================================

======================================================================
[Unlearn Run] epochs=10 | tau_g= 0.1 | tau_b= 0.1 | CE_on=True
  Epoch  1/10  Loss 3.8572
  Epoch  2/10  Loss 1.9387
  Epoch  3/10  Loss 1.3254
  Epoch  4/10  Loss 0.8345
  Epoch  5/10  Loss 0.5798
