/root/anaconda3/envs/khw/lib/python3.9/site-packages/torchvision/models/_utils.py:208: UserWarning: The parameter 'pretrained' is deprecated since 0.13 and may be removed in the future, please use 'weights' instead.
  warnings.warn(
/root/anaconda3/envs/khw/lib/python3.9/site-packages/torchvision/models/_utils.py:223: UserWarning: Arguments other than a weight enum or `None` for 'weights' are deprecated since 0.13 and may be removed in the future. The current behavior is equivalent to passing `weights=None`.
  warnings.warn(msg)
Files already downloaded and verified
Files already downloaded and verified

=== Accuracy (Retrain baseline, 1회) ===
[Test:Retrain/Retain_train] Acc 98.16%
[Test:Retrain/Forget_train] Acc 0.00%
[Test:Retrain/Retain_test] Acc 79.10%
[Test:Retrain/Forget_test] Acc 0.00%

=== Good Teacher baseline (1회) ===
[Test:Good/Full_test] Acc 75.73%

========================================================================================
 Grid Search: (tau_g × tau_b × epochs × CE_on) — 언러닝 성능 점검 
========================================================================================

======================================================================
[Unlearn Run] epochs= 1 | tau_g= 0.1 | tau_b= 0.1 | CE_on=False
  Epoch  1/ 1  Loss 0.8382

[Accuracies]
[Test:Student/Retain_test] Acc 72.43%
[Test:Student/Forget_test] Acc 0.00%
[Test:Student/Retain_train] Acc 93.41%
